'2020-11-19 20:10:46,009 - root - INFO - 读取loginByOpendid_API.xlsx文件loginByOpenid sheet页测试数据'
'2020-11-19 20:10:46,019 - root - INFO - 读取loginByOpendid_API.xlsx文件loginByOpenid sheet页测试数据'
'2020-11-19 20:10:46,034 - root - INFO - 读取userDataInfo_API.xlsx文件设置用户科目组合 sheet页测试数据'
'2020-11-19 20:10:46,038 - root - INFO - ------通过openid登录 API test Start------'
'2020-11-19 20:10:46,288 - root - INFO - 断言接口返回的每个字段是否正确'
'2020-11-19 20:10:46,289 - root - INFO - 接口返回符合预期，用例执行通过'
'2020-11-19 20:10:46,355 - root - INFO - 断言接口返回的每个字段是否正确'
'2020-11-19 20:10:46,365 - root - INFO - ----------------测试通过openid登录--------- END--------'
'2020-11-19 20:10:46,369 - root - INFO - ------用户设置科目组合 API test Start------'
'2020-11-19 20:10:46,768 - root - INFO - connect DB 121.36.144.206:3306/ub_ss'
'2020-11-19 20:10:46,769 - root - INFO - Connect DB successfully!'
'2020-11-19 20:10:46,815 - root - INFO - 执行查询： select * from ub_ss.tab_user_info  where user_id =4;'
'2020-11-19 20:10:46,816 - root - INFO - sql查询结果：((37, 4, '%E9%98%B3%E6%99%8B', 'https://thirdwx.qlogo.cn/mmopen/vi_32/DYAIOgq83erm6SZAvt5icYWtO2MX7ZOQGv68Uoiap26icQPwKRs7AQKGic7zUt29CHn3FukkER23XSjjPdfSPu9uaQ/132', 1, '0', '18782931314', 1, 112, '测试', 5, 133, 5735, None, None, None, None, datetime.datetime(2020, 10, 23, 9, 12, 30), datetime.datetime(2020, 10, 23, 9, 12, 51)),)'
'2020-11-19 20:10:46,819 - root - INFO - 关闭数据库连接'
'2020-11-19 20:10:46,820 - root - INFO - 断言接口返回的每个字段是否正确'
'2020-11-19 20:10:46,823 - root - INFO - ----------------测试用户设置科目组合--------- END--------'
'2020-11-19 20:12:29,545 - root - INFO - 读取loginByOpendid_API.xlsx文件loginByOpenid sheet页测试数据'
'2020-11-19 20:12:29,557 - root - INFO - 读取loginByOpendid_API.xlsx文件loginByOpenid sheet页测试数据'
'2020-11-19 20:12:29,571 - root - INFO - 读取userDataInfo_API.xlsx文件设置用户科目组合 sheet页测试数据'
'2020-11-19 20:12:29,574 - root - INFO - ------通过openid登录 API test Start------'
'2020-11-19 20:12:29,752 - root - INFO - 断言接口返回的每个字段是否正确'
'2020-11-19 20:12:29,754 - root - INFO - 接口返回符合预期，用例执行通过'
'2020-11-19 20:12:29,823 - root - INFO - 断言接口返回的每个字段是否正确'
'2020-11-19 20:12:29,825 - root - INFO - ----------------测试通过openid登录--------- END--------'
'2020-11-19 20:12:29,828 - root - INFO - ------用户设置科目组合 API test Start------'
'2020-11-19 20:12:30,241 - root - INFO - connect DB 121.36.144.206:3306/ub_ss'
'2020-11-19 20:12:30,241 - root - INFO - Connect DB successfully!'
'2020-11-19 20:12:30,281 - root - INFO - 执行查询： select * from ub_ss.tab_user_info  where user_id =4;'
'2020-11-19 20:12:30,283 - root - INFO - sql查询结果：((37, 4, '%E9%98%B3%E6%99%8B', 'https://thirdwx.qlogo.cn/mmopen/vi_32/DYAIOgq83erm6SZAvt5icYWtO2MX7ZOQGv68Uoiap26icQPwKRs7AQKGic7zUt29CHn3FukkER23XSjjPdfSPu9uaQ/132', 1, '0', '18782931314', 1, 112, '测试', 5, 133, 5735, None, None, None, None, datetime.datetime(2020, 10, 23, 9, 12, 30), datetime.datetime(2020, 10, 23, 9, 12, 51)),)'
'2020-11-19 20:12:30,286 - root - INFO - 关闭数据库连接'
'2020-11-19 20:12:30,287 - root - INFO - 断言接口返回的每个字段是否正确'
'2020-11-19 20:12:30,289 - root - INFO - ----------------测试用户设置科目组合--------- END--------'
